# JRE version: OpenJDK Runtime Environment (11.0.10) (build 11.0.10+0-b96-7249189)
# Java VM: OpenJDK 64-Bit Server VM (11.0.10+0-b96-7249189, mixed mode, tiered, compressed oops, g1 gc, windows-amd64)
Heap:
 garbage-first heap   total 259072K, used 187887K [0x0000000080000000, 0x0000000100000000)
  region size 1024K, 47 young (48128K), 6 survivors (6144K)
 Metaspace       used 94755K, capacity 97206K, committed 97868K, reserved 1134592K
  class space    used 12461K, capacity 13381K, committed 13644K, reserved 1048576K
GC Heap History (20 events):
Event: 12.426 GC heap after
{Heap after GC invocations=10 (full 0):
 garbage-first heap   total 245760K, used 54065K [0x0000000080000000, 0x0000000100000000)
  region size 1024K, 11 young (11264K), 11 survivors (11264K)
 Metaspace       used 69578K, capacity 71282K, committed 71372K, reserved 1112064K
  class space    used 9038K, capacity 9632K, committed 9676K, reserved 1048576K
}
Event: 14.283 GC heap before
{Heap before GC invocations=10 (full 0):
 garbage-first heap   total 245760K, used 184113K [0x0000000080000000, 0x0000000100000000)
  region size 1024K, 139 young (142336K), 11 survivors (11264K)
 Metaspace       used 78911K, capacity 81039K, committed 81100K, reserved 1120256K
  class space    used 10363K, capacity 11170K, committed 11212K, reserved 1048576K
}
Event: 14.298 GC heap after
{Heap after GC invocations=11 (full 0):
 garbage-first heap   total 245760K, used 62729K [0x0000000080000000, 0x0000000100000000)
  region size 1024K, 10 young (10240K), 10 survivors (10240K)
 Metaspace       used 78911K, capacity 81039K, committed 81100K, reserved 1120256K
  class space    used 10363K, capacity 11170K, committed 11212K, reserved 1048576K
}
Event: 16.275 GC heap before
{Heap before GC invocations=11 (full 0):
 garbage-first heap   total 245760K, used 190729K [0x0000000080000000, 0x0000000100000000)
  region size 1024K, 134 young (137216K), 10 survivors (10240K)
 Metaspace       used 85568K, capacity 87737K, committed 88012K, reserved 1126400K
  class space    used 11114K, capacity 11928K, committed 11980K, reserved 1048576K
}
Event: 16.293 GC heap after
{Heap after GC invocations=12 (full 0):
 garbage-first heap   total 245760K, used 69632K [0x0000000080000000, 0x0000000100000000)
  region size 1024K, 14 young (14336K), 14 survivors (14336K)
 Metaspace       used 85568K, capacity 87737K, committed 88012K, reserved 1126400K
  class space    used 11114K, capacity 11928K, committed 11980K, reserved 1048576K
}
Event: 17.712 GC heap before
{Heap before GC invocations=12 (full 0):
 garbage-first heap   total 245760K, used 206848K [0x0000000080000000, 0x0000000100000000)
  region size 1024K, 136 young (139264K), 14 survivors (14336K)
 Metaspace       used 91717K, capacity 94086K, committed 94156K, reserved 1130496K
  class space    used 12101K, capacity 12991K, committed 13004K, reserved 1048576K
}
Event: 17.750 GC heap after
{Heap after GC invocations=13 (full 0):
 garbage-first heap   total 259072K, used 113910K [0x0000000080000000, 0x0000000100000000)
  region size 1024K, 17 young (17408K), 17 survivors (17408K)
 Metaspace       used 91717K, capacity 94086K, committed 94156K, reserved 1130496K
  class space    used 12101K, capacity 12991K, committed 13004K, reserved 1048576K
}
Event: 17.776 GC heap before
{Heap before GC invocations=13 (full 0):
 garbage-first heap   total 259072K, used 118006K [0x0000000080000000, 0x0000000100000000)
  region size 1024K, 21 young (21504K), 17 survivors (17408K)
 Metaspace       used 91724K, capacity 94088K, committed 94156K, reserved 1130496K
  class space    used 12101K, capacity 12991K, committed 13004K, reserved 1048576K
}
Event: 17.797 GC heap after
{Heap after GC invocations=14 (full 0):
 garbage-first heap   total 259072K, used 119808K [0x0000000080000000, 0x0000000100000000)
  region size 1024K, 3 young (3072K), 3 survivors (3072K)
 Metaspace       used 91724K, capacity 94088K, committed 94156K, reserved 1130496K
  class space    used 12101K, capacity 12991K, committed 13004K, reserved 1048576K
}
Event: 18.295 GC heap before
{Heap before GC invocations=14 (full 0):
 garbage-first heap   total 259072K, used 167936K [0x0000000080000000, 0x0000000100000000)
  region size 1024K, 51 young (52224K), 3 survivors (3072K)
 Metaspace       used 94554K, capacity 97232K, committed 97356K, reserved 1132544K
  class space    used 12528K, capacity 13539K, committed 13644K, reserved 1048576K
}
Event: 18.320 GC heap after
{Heap after GC invocations=15 (full 0):
 garbage-first heap   total 259072K, used 129024K [0x0000000080000000, 0x0000000100000000)
  region size 1024K, 7 young (7168K), 7 survivors (7168K)
 Metaspace       used 94554K, capacity 97232K, committed 97356K, reserved 1132544K
  class space    used 12528K, capacity 13539K, committed 13644K, reserved 1048576K
}
Event: 18.612 GC heap before
{Heap before GC invocations=16 (full 0):
 garbage-first heap   total 259072K, used 147456K [0x0000000080000000, 0x0000000100000000)
  region size 1024K, 31 young (31744K), 7 survivors (7168K)
 Metaspace       used 94268K, capacity 96698K, committed 97356K, reserved 1132544K
  class space    used 12422K, capacity 13347K, committed 13644K, reserved 1048576K
}
Event: 18.623 GC heap after
{Heap after GC invocations=17 (full 0):
 garbage-first heap   total 259072K, used 128478K [0x0000000080000000, 0x0000000100000000)
  region size 1024K, 3 young (3072K), 3 survivors (3072K)
 Metaspace       used 94268K, capacity 96698K, committed 97356K, reserved 1132544K
  class space    used 12422K, capacity 13347K, committed 13644K, reserved 1048576K
}
Event: 18.941 GC heap before
{Heap before GC invocations=18 (full 0):
 garbage-first heap   total 259072K, used 143838K [0x0000000080000000, 0x0000000100000000)
  region size 1024K, 19 young (19456K), 3 survivors (3072K)
 Metaspace       used 94369K, capacity 96865K, committed 97612K, reserved 1132544K
  class space    used 12431K, capacity 13336K, committed 13644K, reserved 1048576K
}
Event: 18.950 GC heap after
{Heap after GC invocations=19 (full 0):
 garbage-first heap   total 259072K, used 130292K [0x0000000080000000, 0x0000000100000000)
  region size 1024K, 4 young (4096K), 4 survivors (4096K)
 Metaspace       used 94369K, capacity 96865K, committed 97612K, reserved 1132544K
  class space    used 12431K, capacity 13336K, committed 13644K, reserved 1048576K
}
Event: 19.252 GC heap before
{Heap before GC invocations=20 (full 0):
 garbage-first heap   total 259072K, used 138484K [0x0000000080000000, 0x0000000100000000)
  region size 1024K, 13 young (13312K), 4 survivors (4096K)
 Metaspace       used 94386K, capacity 96837K, committed 97612K, reserved 1132544K
  class space    used 12425K, capacity 13324K, committed 13644K, reserved 1048576K
}
Event: 19.261 GC heap after
{Heap after GC invocations=21 (full 0):
 garbage-first heap   total 259072K, used 132577K [0x0000000080000000, 0x0000000100000000)
  region size 1024K, 5 young (5120K), 5 survivors (5120K)
 Metaspace       used 94386K, capacity 96837K, committed 97612K, reserved 1132544K
  class space    used 12425K, capacity 13324K, committed 13644K, reserved 1048576K
}
Event: 19.562 GC heap before
{Heap before GC invocations=22 (full 0):
 garbage-first heap   total 259072K, used 151009K [0x0000000080000000, 0x0000000100000000)
  region size 1024K, 23 young (23552K), 5 survivors (5120K)
 Metaspace       used 94601K, capacity 97055K, committed 97868K, reserved 1134592K
  class space    used 12453K, capacity 13375K, committed 13644K, reserved 1048576K
}
Event: 19.571 GC heap after
{Heap after GC invocations=23 (full 0):
 garbage-first heap   total 259072K, used 137711K [0x0000000080000000, 0x0000000100000000)
  region size 1024K, 7 young (7168K), 7 survivors (7168K)
 Metaspace       used 94601K, capacity 97055K, committed 97868K, reserved 1134592K
  class space    used 12453K, capacity 13375K, committed 13644K, reserved 1048576K
}
Event: 19.798 GC heap before
{Heap before GC invocations=23 (full 0):
 garbage-first heap   total 259072K, used 186863K [0x0000000080000000, 0x0000000100000000)
  region size 1024K, 48 young (49152K), 7 survivors (7168K)
 Metaspace       used 94755K, capacity 97206K, committed 97868K, reserved 1134592K
  class space    used 12461K, capacity 13381K, committed 13644K, reserved 1048576K
}

